<?xml version="1.0" encoding="UTF-8"?>
<testsuite name="com.crio.warmup.stock.portfolio.PortfolioManagerFactoryTest" tests="2" skipped="0" failures="0" errors="0" timestamp="2024-03-17T18:43:28" hostname="kj" time="0.414">
  <properties/>
  <testcase name="getPortfolioManager()" classname="com.crio.warmup.stock.portfolio.PortfolioManagerFactoryTest" time="0.413"/>
  <testcase name="getPortfolioManagerWithStockQuoteService()" classname="com.crio.warmup.stock.portfolio.PortfolioManagerFactoryTest" time="0.001"/>
  <system-out><![CDATA[]]></system-out>
  <system-err><![CDATA[]]></system-err>
</testsuite>
