<?xml version="1.0" encoding="UTF-8"?>
<testsuite name="com.crio.warmup.stock.optional.ModuleTwoTest" tests="2" skipped="0" failures="0" errors="0" timestamp="2024-03-17T18:43:28" hostname="kj" time="0.002">
  <properties/>
  <testcase name="prepareUrl()" classname="com.crio.warmup.stock.optional.ModuleTwoTest" time="0.0"/>
  <testcase name="readStockFromJson()" classname="com.crio.warmup.stock.optional.ModuleTwoTest" time="0.002"/>
  <system-out><![CDATA[]]></system-out>
  <system-err><![CDATA[]]></system-err>
</testsuite>
