<?xml version="1.0" encoding="UTF-8"?>
<testsuite name="com.crio.warmup.stock.portfolio.PortfolioManagerTest" tests="1" skipped="0" failures="0" errors="0" timestamp="2024-03-17T18:43:38" hostname="kj" time="0.01">
  <properties/>
  <testcase name="calculateExtrapolatedAnnualizedReturn()" classname="com.crio.warmup.stock.portfolio.PortfolioManagerTest" time="0.01"/>
  <system-out><![CDATA[]]></system-out>
  <system-err><![CDATA[]]></system-err>
</testsuite>
