<?xml version="1.0" encoding="UTF-8"?>
<testsuite name="com.crio.warmup.stock.quotes.StockQuoteServiceFactoryTest" tests="4" skipped="0" failures="0" errors="0" timestamp="2024-03-17T18:43:38" hostname="kj" time="0.005">
  <properties/>
  <testcase name="getServiceAlphavantage()" classname="com.crio.warmup.stock.quotes.StockQuoteServiceFactoryTest" time="0.001"/>
  <testcase name="getServiceDefault()" classname="com.crio.warmup.stock.quotes.StockQuoteServiceFactoryTest" time="0.001"/>
  <testcase name="getServiceTiingoUpperCase()" classname="com.crio.warmup.stock.quotes.StockQuoteServiceFactoryTest" time="0.001"/>
  <testcase name="getServiceTiingo()" classname="com.crio.warmup.stock.quotes.StockQuoteServiceFactoryTest" time="0.001"/>
  <system-out><![CDATA[]]></system-out>
  <system-err><![CDATA[]]></system-err>
</testsuite>
